\BOOKMARK [0][-]{chapter.1}{Introduction}{}% 1
\BOOKMARK [1][-]{section.1.1}{Motivation}{chapter.1}% 2
\BOOKMARK [1][-]{section.1.2}{Benefits}{chapter.1}% 3
\BOOKMARK [0][-]{chapter.2}{Related Work}{}% 4
\BOOKMARK [1][-]{section.2.1}{COPASI}{chapter.2}% 5
\BOOKMARK [1][-]{section.2.2}{GPU Accelerated Packages}{chapter.2}% 6
\BOOKMARK [1][-]{section.2.3}{Other Software}{chapter.2}% 7
\BOOKMARK [0][-]{chapter.3}{Contribution}{}% 8
\BOOKMARK [0][-]{chapter.4}{Preliminaries}{}% 9
\BOOKMARK [1][-]{section.4.1}{Methodology:}{chapter.4}% 10
\BOOKMARK [2][-]{subsection.4.1.1}{CUDA Platform}{section.4.1}% 11
\BOOKMARK [2][-]{subsection.4.1.2}{Initial Attempt}{section.4.1}% 12
\BOOKMARK [2][-]{subsection.4.1.3}{Improved Version}{section.4.1}% 13
\BOOKMARK [1][-]{section.4.2}{Results}{chapter.4}% 14
\BOOKMARK [0][-]{chapter.5}{Model Separation}{}% 15
\BOOKMARK [1][-]{section.5.1}{Methodology}{chapter.5}% 16
\BOOKMARK [1][-]{section.5.2}{Results}{chapter.5}% 17
\BOOKMARK [0][-]{chapter.6}{Simulation Structure Change}{}% 18
\BOOKMARK [1][-]{section.6.1}{Methodology}{chapter.6}% 19
\BOOKMARK [1][-]{section.6.2}{Results}{chapter.6}% 20
\BOOKMARK [0][-]{chapter.7}{Memory usage}{}% 21
\BOOKMARK [1][-]{section.7.1}{Methodology}{chapter.7}% 22
\BOOKMARK [1][-]{section.7.2}{Results}{chapter.7}% 23
\BOOKMARK [0][-]{chapter.8}{Time efficiency}{}% 24
\BOOKMARK [1][-]{section.8.1}{Methodology}{chapter.8}% 25
\BOOKMARK [1][-]{section.8.2}{Results}{chapter.8}% 26
\BOOKMARK [0][-]{chapter.9}{Compilation Challenges}{}% 27
\BOOKMARK [0][-]{chapter.10}{Validation}{}% 28
\BOOKMARK [0][-]{chapter.11}{Conclusion}{}% 29
\BOOKMARK [1][-]{section.11.1}{Contributions}{chapter.11}% 30
\BOOKMARK [1][-]{section.11.2}{Future Work}{chapter.11}% 31
